<?xml version="1.0" encoding="UTF-8"?>
<testng-results skipped="0" failed="0" ignored="0" total="2" passed="2">
  <reporter-output>
  </reporter-output>
  <suite name="Surefire suite" duration-ms="44182" started-at="2021-03-05T05:01:01Z" finished-at="2021-03-05T05:01:46Z">
    <groups>
    </groups>
    <test name="Surefire test" duration-ms="44182" started-at="2021-03-05T05:01:01Z" finished-at="2021-03-05T05:01:46Z">
      <class name="org.rahulshettyacademy.DemoTest">
        <test-method status="PASS" signature="setUp()[pri:0, instance:org.rahulshettyacademy.DemoTest@4e04a765]" name="setUp" is-config="true" duration-ms="20371" started-at="2021-03-05T05:01:01Z" finished-at="2021-03-05T05:01:22Z">
          <reporter-output>
          </reporter-output>
        </test-method> <!-- setUp -->
        <test-method status="PASS" signature="flightTest(java.util.HashMap)[pri:0, instance:org.rahulshettyacademy.DemoTest@4e04a765]" name="flightTest" duration-ms="11635" started-at="2021-03-05T05:01:25Z" data-provider="getData" finished-at="2021-03-05T05:01:36Z">
          <params>
            <param index="0">
              <value>
                <![CDATA[{destination=DEL, destination2=BLR, origin=COK}]]>
              </value>
            </param>
          </params>
          <reporter-output>
          </reporter-output>
        </test-method> <!-- flightTest -->
        <test-method status="PASS" signature="flightTest(java.util.HashMap)[pri:0, instance:org.rahulshettyacademy.DemoTest@4e04a765]" name="flightTest" duration-ms="6526" started-at="2021-03-05T05:01:36Z" data-provider="getData" finished-at="2021-03-05T05:01:43Z">
          <params>
            <param index="0">
              <value>
                <![CDATA[{destination=MAA, destination2=HYD, origin=DEL}]]>
              </value>
            </param>
          </params>
          <reporter-output>
          </reporter-output>
        </test-method> <!-- flightTest -->
        <test-method status="PASS" signature="tearDown()[pri:0, instance:org.rahulshettyacademy.DemoTest@4e04a765]" name="tearDown" is-config="true" duration-ms="2814" started-at="2021-03-05T05:01:43Z" finished-at="2021-03-05T05:01:46Z">
          <reporter-output>
          </reporter-output>
        </test-method> <!-- tearDown -->
      </class> <!-- org.rahulshettyacademy.DemoTest -->
    </test> <!-- Surefire test -->
  </suite> <!-- Surefire suite -->
</testng-results>
